** Message: 11:58:58.622: environement.vala:58: Exporting primary_variable
** Message: 11:58:58.622: environement.vala:59: desktop_environnement XDG_CURRENT_DESKTOP
** Message: 11:58:58.622: environement.vala:150: confir_dirs is null, export : /etc/xdg
** Message: 11:58:58.622: environement.vala:184: Exporting XDG_CONFIG_DIRS
** Message: 11:58:58.622: environement.vala:218: custom_data :
** Message: 11:58:58.622: environement.vala:219: data_dirs :/usr/local/share:/usr/share/raspi-ui-overrides:/usr/share:/usr/share/gdm:/var/lib/menu-xdg
** Message: 11:58:58.623: environement.vala:220: data_dirs not null, export : /usr/local/share:/usr/share/raspi-ui-overrides:/usr/share:/usr/share/gdm:/var/lib/menu-xdg
** Message: 11:58:58.623: environement.vala:225: Exporting XDG_DATA_DIRS
** Message: 11:58:58.623: utils.vala:138: Config system location : /etc/xdg/lxsession/LXDE-pi
** Message: 11:58:58.624: utils.vala:144: System system path location : /etc/xdg/lxsession/LXDE-pi/desktop.conf
** Message: 11:58:58.624: utils.vala:148: Final file used : /etc/xdg/lxsession/LXDE-pi/desktop.conf
** Message: 11:58:58.624: utils.vala:39: Config system location : /etc/xdg/lxsession/LXDE-pi
** Message: 11:58:58.624: utils.vala:45: System system path location : /etc/xdg/lxsession/LXDE-pi/desktop.conf

** (lxsession:481): WARNING **: 11:58:58.627: utils.vala:70: No such file or directory
** Message: 11:58:58.627: settings.vala:540: Key file does not have key “iGtk/ColorScheme” in group “GTK”
** Message: 11:58:58.627: settings.vala:540: Key file does not have key “windows_manager/command” in group “Session”
** Message: 11:58:58.627: settings.vala:540: Key file does not have key “panel/command” in group “Session”
** Message: 11:58:58.627: settings.vala:540: Key file does not have key “dock/command” in group “Session”
** Message: 11:58:58.627: settings.vala:540: Key file does not have key “file_manager/command” in group “Session”
** Message: 11:58:58.627: settings.vala:540: Key file does not have key “desktop_manager/command” in group “Session”
** Message: 11:58:58.627: settings.vala:540: Key file does not have key “launcher_manager/autostart” in group “Session”
** Message: 11:58:58.628: settings.vala:540: Key file does not have key “composite_manager/command” in group “Session”
** Message: 11:58:58.628: settings.vala:540: Key file does not have key “im1/command” in group “Session”
** Message: 11:58:58.628: settings.vala:540: Key file does not have key “im2/command” in group “Session”
** Message: 11:58:58.628: settings.vala:540: Key file does not have key “widget1/command” in group “Session”
** Message: 11:58:58.628: settings.vala:540: Key file does not have key “notification/command” in group “Session”
** Message: 11:58:58.628: settings.vala:540: Key file does not have key “keybindings/command” in group “Session”
** Message: 11:58:58.628: settings.vala:540: Key file does not have key “im_manager/command” in group “Session”
** Message: 11:58:58.628: settings.vala:540: Key file does not have key “screensaver/command” in group “Session”
** Message: 11:58:58.628: settings.vala:540: Key file does not have key “power_manager/command” in group “Session”
** Message: 11:58:58.628: settings.vala:540: Key file does not have key “audio_manager/command” in group “Session”
** Message: 11:58:58.628: settings.vala:540: Key file does not have key “workspace_manager/command” in group “Session”
** Message: 11:58:58.628: settings.vala:540: Key file does not have key “screenshot_manager/command” in group “Session”
** Message: 11:58:58.628: settings.vala:540: Key file does not have key “message_manager/command” in group “Session”
** Message: 11:58:58.629: settings.vala:540: Key file does not have key “upgrade_manager/command” in group “Session”
** Message: 11:58:58.629: settings.vala:540: Key file does not have key “updates_manager/command” in group “Session”
** Message: 11:58:58.629: settings.vala:540: Key file does not have key “updates_manager/timeout” in group “Session”
** Message: 11:58:58.629: settings.vala:540: Key file does not have key “crash_manager/command” in group “Session”
** Message: 11:58:58.629: settings.vala:540: Key file does not have key “crash_manager/dev_mode” in group “Session”
** Message: 11:58:58.629: settings.vala:540: Key file does not have key “crash_manager/timeout” in group “Session”
** Message: 11:58:58.629: settings.vala:540: Key file does not have key “upstart_user_session” in group “Session”
** Message: 11:58:58.629: settings.vala:540: Key file does not have key “proxy_manager/http” in group “Session”
** Message: 11:58:58.629: settings.vala:540: Key file does not have key “a11y/command” in group “Session”
** Message: 11:58:58.629: settings.vala:540: Key file does not have key “xrandr/command” in group “Session”
** Message: 11:58:58.629: settings.vala:540: Key file does not have key “network_gui/command” in group “Session”
** Message: 11:58:58.629: settings.vala:540: Key file does not have key “webbrowser/command” in group “Session”
** Message: 11:58:58.629: settings.vala:540: Key file does not have key “email/command” in group “Session”
** Message: 11:58:58.629: settings.vala:540: Key file does not have key “pdf_reader/command” in group “Session”
** Message: 11:58:58.630: settings.vala:540: Key file does not have key “video_player/command” in group “Session”
** Message: 11:58:58.630: settings.vala:540: Key file does not have key “audio_player/command” in group “Session”
** Message: 11:58:58.630: settings.vala:540: Key file does not have key “images_display/command” in group “Session”
** Message: 11:58:58.630: settings.vala:540: Key file does not have key “text_editor/command” in group “Session”
** Message: 11:58:58.630: settings.vala:540: Key file does not have key “archive/command” in group “Session”
** Message: 11:58:58.630: settings.vala:540: Key file does not have key “charmap/command” in group “Session”
** Message: 11:58:58.630: settings.vala:540: Key file does not have key “calculator/command” in group “Session”
** Message: 11:58:58.630: settings.vala:540: Key file does not have key “spreadsheet/command” in group “Session”
** Message: 11:58:58.630: settings.vala:540: Key file does not have key “bittorent/command” in group “Session”
** Message: 11:58:58.630: settings.vala:540: Key file does not have key “document/command” in group “Session”
** Message: 11:58:58.630: settings.vala:540: Key file does not have key “webcam/command” in group “Session”
** Message: 11:58:58.630: settings.vala:540: Key file does not have key “burn/command” in group “Session”
** Message: 11:58:58.630: settings.vala:540: Key file does not have key “notes/command” in group “Session”
** Message: 11:58:58.630: settings.vala:540: Key file does not have key “disk_utility/command” in group “Session”
** Message: 11:58:58.630: settings.vala:540: Key file does not have key “tasks/command” in group “Session”
** Message: 11:58:58.630: settings.vala:540: Key file does not have group “Keymap”
** Message: 11:58:58.631: settings.vala:540: Key file does not have key “laptop_mode” in group “State”
** Message: 11:58:58.631: settings.vala:540: Key file does not have key “gnome” in group “Dbus”
** Message: 11:58:58.631: settings.vala:540: Key file does not have key “type” in group “Environment”
** Message: 11:58:58.631: settings.vala:540: Key file does not have key “ubuntu_menuproxy” in group “Environment”
** Message: 11:58:58.631: settings.vala:540: Key file does not have key “toolkit_integration” in group “Environment”
** Message: 11:58:58.631: settings.vala:540: Key file does not have key “gtk/overlay_scrollbar_disable” in group “Environment”
** Message: 11:58:58.631: settings.vala:540: Key file does not have key “qt/force_theme” in group “Environment”
** Message: 11:58:58.632: settings.vala:540: Key file does not have key “qt/platform” in group “Environment”
** Message: 11:58:58.633: settings.vala:462: Monitoring: /etc/xdg/lxsession/LXDE-pi/desktop.conf
** Message: 11:58:58.633: settings.vala:470: Desktop file is not in config home, monitoring creation of it
** Message: 11:58:58.633: settings.vala:485: Monitoring home path: /home/pi/.config/lxsession/LXDE-pi/desktop.conf
** Message: 11:58:58.633: environement.vala:79: Exporting variable
** Message: 11:58:58.633: environement.vala:80: desktop_environnement XDG_CURRENT_DESKTOP
** Message: 11:58:58.633: environement.vala:177: custom_config :
** Message: 11:58:58.633: environement.vala:178: config_dirs :/etc/xdg
** Message: 11:58:58.634: environement.vala:179: confir_dirs not null, export : /etc/xdg
** Message: 11:58:58.634: environement.vala:184: Exporting XDG_CONFIG_DIRS
** Message: 11:58:58.634: environement.vala:218: custom_data :
** Message: 11:58:58.634: environement.vala:219: data_dirs :/usr/local/share:/usr/share/raspi-ui-overrides:/usr/share:/usr/share/gdm:/var/lib/menu-xdg
** Message: 11:58:58.634: environement.vala:220: data_dirs not null, export : /usr/local/share:/usr/share/raspi-ui-overrides:/usr/share:/usr/share/gdm:/var/lib/menu-xdg
** Message: 11:58:58.634: environement.vala:225: Exporting XDG_DATA_DIRS
** Message: 11:58:58.634: utils.vala:39: Config system location : /etc/xdg/lxsession/LXDE-pi
** Message: 11:58:58.634: utils.vala:45: System system path location : /etc/xdg/lxsession/LXDE-pi/desktop.conf

** (lxsession:481): WARNING **: 11:58:58.634: utils.vala:70: No such file or directory
** Message: 11:58:58.634: environement.vala:254: No entry in [Environment_variable]. Key file does not have group “Environment_variable”
** Message: 11:58:58.639: utils.vala:138: Config system location : /etc/xdg/lxsession/LXDE-pi
** Message: 11:58:58.640: utils.vala:144: System system path location : /etc/xdg/lxsession/LXDE-pi/conffiles.conf
** Message: 11:58:58.640: utils.vala:148: Final file used : /etc/xdg/lxsession/LXDE-pi/conffiles.conf
** Message: 11:58:58.640: options.vala:164: Activate xsettings_manager build-in
** Message: 11:58:58.640: utils.vala:39: Config system location : /etc/xdg/lxsession/LXDE-pi
** Message: 11:58:58.640: utils.vala:45: System system path location : /etc/xdg/lxsession/LXDE-pi/desktop.conf

** (lxsession:481): WARNING **: 11:58:58.640: utils.vala:70: No such file or directory
xprop:  no such property "_NET_NUMBER_OF_DESKTOPS"
xprop:  no such property "_NET_DESKTOP_NAMES"
** Message: 11:58:58.661: app.vala:721: polkit separate
** Message: 11:58:58.662: app.vala:721: polkit separate
** Message: 11:58:58.667: app.vala:76: Launching lxpolkit 
** Message: 11:58:58.667: utils.vala:138: Config system location : /etc/xdg/lxsession/LXDE-pi
** Message: 11:58:58.668: utils.vala:144: System system path location : /etc/xdg/lxsession/LXDE-pi/autostart
** Message: 11:58:58.668: utils.vala:148: Final file used : /etc/xdg/lxsession/LXDE-pi/autostart
** Message: 11:58:58.668: autostart.vala:42: Autostart path : /etc/xdg/lxsession/LXDE-pi/autostart
** Message: 11:58:58.685: app.vala:76: Launching lxpanel 
** Message: 11:58:58.701: app.vala:76: Launching pcmanfm 

** (lxsession:481): WARNING **: 11:58:58.720: app.vala:86: Failed to execute child process “xscreensaver” (No such file or directory)

** (lxsession:481): WARNING **: 11:58:58.720: app.vala:87: Error when launching xscreensaver
** Message: 11:58:58.729: app.vala:76: Launching point-rpi 
** Message: 11:58:58.741: options.vala:107: Create build-in Clipboard
** Message: 11:58:58.743: main.vala:441: Check keymap_mode (null)
** Message: 11:58:58.751: app.vala:76: Launching /usr/bin/ssh-agent 
SSH_AUTH_SOCK=/tmp/ssh-gWfKYEsAd8yd/agent.590; export SSH_AUTH_SOCK;
SSH_AGENT_PID=592; export SSH_AGENT_PID;
echo Agent pid 592;
** Message: 11:58:59.072: app.vala:130: point-rpi exit with this type of exit: 0
** Message: 11:58:59.073: app.vala:130: /usr/bin/ssh-agent exit with this type of exit: 0
** Message: 11:58:59.100: x-terminal-emulator has very limited support, consider choose another terminal
** Message: 11:58:59.257: x-terminal-emulator has very limited support, consider choose another terminal
Openbox-Message: Unable to find a valid menu file "/usr/share/lxde/openbox/menu.xml"
xrandr: Failed to get size of gamma for output default
Unit pt-device-manager.service could not be found.

** (lxpanel:582): WARNING **: 11:59:03.801: Battery 0 not found

(nm-applet:609): libnotify-WARNING **: 11:59:05.509: Failed to connect to proxy

(nm-applet:609): nm-applet-WARNING **: 11:59:05.523: Failed to show notification: GDBus.Error:org.freedesktop.DBus.Error.ServiceUnknown: The name org.freedesktop.Notifications was not provided by any .service files
